
> frontend@0.0.0 dev
> vite


  VITE v7.3.1  ready in 173 ms

  ➜  Local:   http://localhost:5173/
  ➜  Network: use --host to expose
2:22:44 PM [vite] (client) Pre-transform error: [postcss] It looks like you're trying to use `tailwindcss` directly as a PostCSS plugin. The PostCSS plugin has moved to a separate package, so to continue using Tailwind CSS with PostCSS you'll need to install `@tailwindcss/postcss` and update your PostCSS configuration.
  Plugin: vite:css
  File: /workspaces/Prompt-Base/frontend/src/index.css:undefined:NaN
2:22:44 PM [vite] (client) Pre-transform error: [postcss] It looks like you're trying to use `tailwindcss` directly as a PostCSS plugin. The PostCSS plugin has moved to a separate package, so to continue using Tailwind CSS with PostCSS you'll need to install `@tailwindcss/postcss` and update your PostCSS configuration.
  Plugin: vite:css
  File: /workspaces/Prompt-Base/frontend/src/App.css:undefined:NaN
2:22:44 PM [vite] Internal server error: [postcss] It looks like you're trying to use `tailwindcss` directly as a PostCSS plugin. The PostCSS plugin has moved to a separate package, so to continue using Tailwind CSS with PostCSS you'll need to install `@tailwindcss/postcss` and update your PostCSS configuration.
  Plugin: vite:css
  File: /workspaces/Prompt-Base/frontend/src/index.css:undefined:NaN
      at lt (/workspaces/Prompt-Base/frontend/node_modules/tailwindcss/dist/lib.js:38:1643)
      at LazyResult.runOnRoot (/workspaces/Prompt-Base/frontend/node_modules/postcss/lib/lazy-result.js:361:16)
      at LazyResult.runAsync (/workspaces/Prompt-Base/frontend/node_modules/postcss/lib/lazy-result.js:290:26)
      at LazyResult.async (/workspaces/Prompt-Base/frontend/node_modules/postcss/lib/lazy-result.js:192:30)
      at LazyResult.then (/workspaces/Prompt-Base/frontend/node_modules/postcss/lib/lazy-result.js:436:17)
2:22:45 PM [vite] Internal server error: [postcss] It looks like you're trying to use `tailwindcss` directly as a PostCSS plugin. The PostCSS plugin has moved to a separate package, so to continue using Tailwind CSS with PostCSS you'll need to install `@tailwindcss/postcss` and update your PostCSS configuration.
  Plugin: vite:css
  File: /workspaces/Prompt-Base/frontend/src/App.css:undefined:NaN
      at lt (/workspaces/Prompt-Base/frontend/node_modules/tailwindcss/dist/lib.js:38:1643)
      at LazyResult.runOnRoot (/workspaces/Prompt-Base/frontend/node_modules/postcss/lib/lazy-result.js:361:16)
      at LazyResult.runAsync (/workspaces/Prompt-Base/frontend/node_modules/postcss/lib/lazy-result.js:290:26)
      at LazyResult.async (/workspaces/Prompt-Base/frontend/node_modules/postcss/lib/lazy-result.js:192:30)
      at LazyResult.then (/workspaces/Prompt-Base/frontend/node_modules/postcss/lib/lazy-result.js:436:17)
